2023/12/05 23:29:15 [notice] 1#1: using the "epoll" event method
2023/12/05 23:29:15 [notice] 1#1: nginx/1.25.3
2023/12/05 23:29:15 [notice] 1#1: built by gcc 12.2.0 (Debian 12.2.0-14) 
2023/12/05 23:29:15 [notice] 1#1: OS: Linux 5.15.133.1-microsoft-standard-WSL2
2023/12/05 23:29:15 [notice] 1#1: getrlimit(RLIMIT_NOFILE): 1048576:1048576
2023/12/05 23:29:15 [notice] 1#1: start worker processes
2023/12/05 23:29:15 [notice] 1#1: start worker process 29
2023/12/05 23:29:15 [notice] 1#1: start worker process 30
2023/12/05 23:29:15 [notice] 1#1: start worker process 31
2023/12/05 23:29:15 [notice] 1#1: start worker process 32
2023/12/05 23:29:15 [notice] 1#1: start worker process 33
2023/12/05 23:29:15 [notice] 1#1: start worker process 34
2023/12/05 23:29:15 [notice] 1#1: start worker process 35
2023/12/05 23:29:15 [notice] 1#1: start worker process 36
2023/12/05 23:37:40 [notice] 1#1: signal 3 (SIGQUIT) received, shutting down
2023/12/05 23:37:40 [notice] 29#29: gracefully shutting down
2023/12/05 23:37:40 [notice] 30#30: gracefully shutting down
2023/12/05 23:37:40 [notice] 31#31: gracefully shutting down
2023/12/05 23:37:40 [notice] 31#31: exiting
2023/12/05 23:37:40 [notice] 33#33: gracefully shutting down
2023/12/05 23:37:40 [notice] 34#34: gracefully shutting down
2023/12/05 23:37:40 [notice] 32#32: gracefully shutting down
2023/12/05 23:37:40 [notice] 35#35: gracefully shutting down
2023/12/05 23:37:40 [notice] 36#36: gracefully shutting down
2023/12/05 23:37:40 [notice] 29#29: exiting
2023/12/05 23:37:40 [notice] 30#30: exiting
2023/12/05 23:37:40 [notice] 31#31: exit
2023/12/05 23:37:40 [notice] 33#33: exiting
2023/12/05 23:37:40 [notice] 34#34: exiting
2023/12/05 23:37:40 [notice] 32#32: exiting
2023/12/05 23:37:40 [notice] 35#35: exiting
2023/12/05 23:37:40 [notice] 36#36: exiting
2023/12/05 23:37:40 [notice] 29#29: exit
2023/12/05 23:37:40 [notice] 30#30: exit
2023/12/05 23:37:40 [notice] 33#33: exit
2023/12/05 23:37:40 [notice] 34#34: exit
2023/12/05 23:37:40 [notice] 32#32: exit
2023/12/05 23:37:40 [notice] 35#35: exit
2023/12/05 23:37:40 [notice] 36#36: exit
2023/12/05 23:37:40 [notice] 1#1: signal 17 (SIGCHLD) received from 33
2023/12/05 23:37:40 [notice] 1#1: worker process 33 exited with code 0
2023/12/05 23:37:40 [notice] 1#1: signal 29 (SIGIO) received
2023/12/05 23:37:40 [notice] 1#1: signal 17 (SIGCHLD) received from 29
2023/12/05 23:37:40 [notice] 1#1: worker process 29 exited with code 0
2023/12/05 23:37:40 [notice] 1#1: worker process 30 exited with code 0
2023/12/05 23:37:40 [notice] 1#1: worker process 35 exited with code 0
2023/12/05 23:37:40 [notice] 1#1: worker process 36 exited with code 0
2023/12/05 23:37:40 [notice] 1#1: signal 29 (SIGIO) received
2023/12/05 23:37:40 [notice] 1#1: signal 17 (SIGCHLD) received from 30
2023/12/05 23:37:40 [notice] 1#1: signal 17 (SIGCHLD) received from 34
2023/12/05 23:37:40 [notice] 1#1: worker process 31 exited with code 0
2023/12/05 23:37:40 [notice] 1#1: worker process 32 exited with code 0
2023/12/05 23:37:40 [notice] 1#1: worker process 34 exited with code 0
2023/12/05 23:37:40 [notice] 1#1: exit
2023/12/05 23:38:02 [notice] 1#1: using the "epoll" event method
2023/12/05 23:38:02 [notice] 1#1: nginx/1.25.3
2023/12/05 23:38:02 [notice] 1#1: built by gcc 12.2.0 (Debian 12.2.0-14) 
2023/12/05 23:38:02 [notice] 1#1: OS: Linux 5.15.133.1-microsoft-standard-WSL2
2023/12/05 23:38:02 [notice] 1#1: getrlimit(RLIMIT_NOFILE): 1048576:1048576
2023/12/05 23:38:02 [notice] 1#1: start worker processes
2023/12/05 23:38:02 [notice] 1#1: start worker process 29
2023/12/05 23:38:02 [notice] 1#1: start worker process 30
2023/12/05 23:38:02 [notice] 1#1: start worker process 31
2023/12/05 23:38:02 [notice] 1#1: start worker process 32
2023/12/05 23:38:02 [notice] 1#1: start worker process 33
2023/12/05 23:38:02 [notice] 1#1: start worker process 34
2023/12/05 23:38:02 [notice] 1#1: start worker process 35
2023/12/05 23:38:02 [notice] 1#1: start worker process 36
2023/12/05 23:40:26 [notice] 1#1: signal 3 (SIGQUIT) received, shutting down
2023/12/05 23:40:26 [notice] 29#29: gracefully shutting down
2023/12/05 23:40:26 [notice] 30#30: gracefully shutting down
2023/12/05 23:40:26 [notice] 31#31: gracefully shutting down
2023/12/05 23:40:26 [notice] 31#31: exiting
2023/12/05 23:40:26 [notice] 32#32: gracefully shutting down
2023/12/05 23:40:26 [notice] 33#33: gracefully shutting down
2023/12/05 23:40:26 [notice] 34#34: gracefully shutting down
2023/12/05 23:40:26 [notice] 35#35: gracefully shutting down
2023/12/05 23:40:26 [notice] 36#36: gracefully shutting down
2023/12/05 23:40:26 [notice] 29#29: exiting
2023/12/05 23:40:26 [notice] 30#30: exiting
2023/12/05 23:40:26 [notice] 31#31: exit
2023/12/05 23:40:26 [notice] 32#32: exiting
2023/12/05 23:40:26 [notice] 33#33: exiting
2023/12/05 23:40:26 [notice] 34#34: exiting
2023/12/05 23:40:26 [notice] 35#35: exiting
2023/12/05 23:40:26 [notice] 36#36: exiting
2023/12/05 23:40:26 [notice] 29#29: exit
2023/12/05 23:40:26 [notice] 30#30: exit
2023/12/05 23:40:26 [notice] 32#32: exit
2023/12/05 23:40:26 [notice] 33#33: exit
2023/12/05 23:40:26 [notice] 34#34: exit
2023/12/05 23:40:26 [notice] 35#35: exit
2023/12/05 23:40:26 [notice] 36#36: exit
2023/12/05 23:40:26 [notice] 1#1: signal 17 (SIGCHLD) received from 30
2023/12/05 23:40:26 [notice] 1#1: worker process 30 exited with code 0
2023/12/05 23:40:26 [notice] 1#1: signal 29 (SIGIO) received
2023/12/05 23:40:26 [notice] 1#1: signal 17 (SIGCHLD) received from 35
2023/12/05 23:40:26 [notice] 1#1: worker process 29 exited with code 0
2023/12/05 23:40:26 [notice] 1#1: worker process 32 exited with code 0
2023/12/05 23:40:26 [notice] 1#1: worker process 33 exited with code 0
2023/12/05 23:40:26 [notice] 1#1: worker process 35 exited with code 0
2023/12/05 23:40:26 [notice] 1#1: signal 29 (SIGIO) received
2023/12/05 23:40:26 [notice] 1#1: signal 17 (SIGCHLD) received from 32
2023/12/05 23:40:26 [notice] 1#1: signal 17 (SIGCHLD) received from 34
2023/12/05 23:40:26 [notice] 1#1: worker process 31 exited with code 0
2023/12/05 23:40:26 [notice] 1#1: worker process 34 exited with code 0
2023/12/05 23:40:26 [notice] 1#1: worker process 36 exited with code 0
2023/12/05 23:40:26 [notice] 1#1: exit
2023/12/05 23:40:41 [notice] 1#1: using the "epoll" event method
2023/12/05 23:40:41 [notice] 1#1: nginx/1.25.3
2023/12/05 23:40:41 [notice] 1#1: built by gcc 12.2.0 (Debian 12.2.0-14) 
2023/12/05 23:40:41 [notice] 1#1: OS: Linux 5.15.133.1-microsoft-standard-WSL2
2023/12/05 23:40:41 [notice] 1#1: getrlimit(RLIMIT_NOFILE): 1048576:1048576
2023/12/05 23:40:41 [notice] 1#1: start worker processes
2023/12/05 23:40:41 [notice] 1#1: start worker process 29
2023/12/05 23:40:41 [notice] 1#1: start worker process 30
2023/12/05 23:40:41 [notice] 1#1: start worker process 31
2023/12/05 23:40:41 [notice] 1#1: start worker process 32
2023/12/05 23:40:41 [notice] 1#1: start worker process 33
2023/12/05 23:40:41 [notice] 1#1: start worker process 34
2023/12/05 23:40:41 [notice] 1#1: start worker process 35
2023/12/05 23:40:41 [notice] 1#1: start worker process 36
2023/12/05 23:42:50 [notice] 1#1: signal 3 (SIGQUIT) received, shutting down
2023/12/05 23:42:50 [notice] 29#29: gracefully shutting down
2023/12/05 23:42:50 [notice] 30#30: gracefully shutting down
2023/12/05 23:42:50 [notice] 31#31: gracefully shutting down
2023/12/05 23:42:50 [notice] 31#31: exiting
2023/12/05 23:42:50 [notice] 32#32: gracefully shutting down
2023/12/05 23:42:50 [notice] 33#33: gracefully shutting down
2023/12/05 23:42:50 [notice] 34#34: gracefully shutting down
2023/12/05 23:42:50 [notice] 35#35: gracefully shutting down
2023/12/05 23:42:50 [notice] 36#36: gracefully shutting down
2023/12/05 23:42:50 [notice] 29#29: exiting
2023/12/05 23:42:50 [notice] 30#30: exiting
2023/12/05 23:42:50 [notice] 31#31: exit
2023/12/05 23:42:50 [notice] 32#32: exiting
2023/12/05 23:42:50 [notice] 33#33: exiting
2023/12/05 23:42:50 [notice] 34#34: exiting
2023/12/05 23:42:50 [notice] 35#35: exiting
2023/12/05 23:42:50 [notice] 36#36: exiting
2023/12/05 23:42:50 [notice] 29#29: exit
2023/12/05 23:42:50 [notice] 36#36: exit
2023/12/05 23:42:50 [notice] 30#30: exit
2023/12/05 23:42:50 [notice] 32#32: exit
2023/12/05 23:42:50 [notice] 33#33: exit
2023/12/05 23:42:50 [notice] 34#34: exit
2023/12/05 23:42:50 [notice] 35#35: exit
2023/12/05 23:42:50 [notice] 1#1: signal 17 (SIGCHLD) received from 36
2023/12/05 23:42:50 [notice] 1#1: worker process 36 exited with code 0
2023/12/05 23:42:50 [notice] 1#1: signal 29 (SIGIO) received
2023/12/05 23:42:50 [notice] 1#1: signal 17 (SIGCHLD) received from 33
2023/12/05 23:42:50 [notice] 1#1: worker process 33 exited with code 0
2023/12/05 23:42:50 [notice] 1#1: signal 29 (SIGIO) received
2023/12/05 23:42:50 [notice] 1#1: signal 17 (SIGCHLD) received from 30
2023/12/05 23:42:50 [notice] 1#1: worker process 30 exited with code 0
2023/12/05 23:42:50 [notice] 1#1: worker process 32 exited with code 0
2023/12/05 23:42:50 [notice] 1#1: signal 29 (SIGIO) received
2023/12/05 23:42:50 [notice] 1#1: signal 17 (SIGCHLD) received from 35
2023/12/05 23:42:50 [notice] 1#1: worker process 29 exited with code 0
2023/12/05 23:42:50 [notice] 1#1: worker process 31 exited with code 0
2023/12/05 23:42:50 [notice] 1#1: worker process 34 exited with code 0
2023/12/05 23:42:50 [notice] 1#1: worker process 35 exited with code 0
2023/12/05 23:42:50 [notice] 1#1: exit
2023/12/05 23:43:08 [notice] 1#1: using the "epoll" event method
2023/12/05 23:43:08 [notice] 1#1: nginx/1.25.3
2023/12/05 23:43:08 [notice] 1#1: built by gcc 12.2.0 (Debian 12.2.0-14) 
2023/12/05 23:43:08 [notice] 1#1: OS: Linux 5.15.133.1-microsoft-standard-WSL2
2023/12/05 23:43:08 [notice] 1#1: getrlimit(RLIMIT_NOFILE): 1048576:1048576
2023/12/05 23:43:08 [notice] 1#1: start worker processes
2023/12/05 23:43:08 [notice] 1#1: start worker process 29
2023/12/05 23:43:08 [notice] 1#1: start worker process 30
2023/12/05 23:43:08 [notice] 1#1: start worker process 31
2023/12/05 23:43:08 [notice] 1#1: start worker process 32
2023/12/05 23:43:08 [notice] 1#1: start worker process 33
2023/12/05 23:43:08 [notice] 1#1: start worker process 34
2023/12/05 23:43:08 [notice] 1#1: start worker process 35
2023/12/05 23:43:08 [notice] 1#1: start worker process 36
2023/12/06 00:47:06 [notice] 1#1: signal 3 (SIGQUIT) received, shutting down
2023/12/06 00:47:06 [notice] 29#29: gracefully shutting down
2023/12/06 00:47:06 [notice] 35#35: gracefully shutting down
2023/12/06 00:47:06 [notice] 32#32: gracefully shutting down
2023/12/06 00:47:06 [notice] 34#34: gracefully shutting down
2023/12/06 00:47:06 [notice] 33#33: gracefully shutting down
2023/12/06 00:47:06 [notice] 30#30: gracefully shutting down
2023/12/06 00:47:06 [notice] 31#31: gracefully shutting down
2023/12/06 00:47:06 [notice] 29#29: exiting
2023/12/06 00:47:06 [notice] 35#35: exiting
2023/12/06 00:47:06 [notice] 31#31: exiting
2023/12/06 00:47:06 [notice] 36#36: gracefully shutting down
2023/12/06 00:47:06 [notice] 32#32: exiting
2023/12/06 00:47:06 [notice] 34#34: exiting
2023/12/06 00:47:06 [notice] 30#30: exiting
2023/12/06 00:47:06 [notice] 29#29: exit
2023/12/06 00:47:06 [notice] 30#30: exit
2023/12/06 00:47:06 [notice] 33#33: exiting
2023/12/06 00:47:06 [notice] 35#35: exit
2023/12/06 00:47:06 [notice] 31#31: exit
2023/12/06 00:47:06 [notice] 32#32: exit
2023/12/06 00:47:06 [notice] 34#34: exit
2023/12/06 00:47:06 [notice] 36#36: exiting
2023/12/06 00:47:06 [notice] 33#33: exit
2023/12/06 00:47:06 [notice] 36#36: exit
2023/12/06 00:47:06 [notice] 1#1: signal 17 (SIGCHLD) received from 32
2023/12/06 00:47:06 [notice] 1#1: worker process 32 exited with code 0
2023/12/06 00:47:06 [notice] 1#1: signal 29 (SIGIO) received
2023/12/06 00:47:06 [notice] 1#1: signal 17 (SIGCHLD) received from 31
2023/12/06 00:47:06 [notice] 1#1: worker process 29 exited with code 0
2023/12/06 00:47:06 [notice] 1#1: worker process 31 exited with code 0
2023/12/06 00:47:06 [notice] 1#1: signal 29 (SIGIO) received
2023/12/06 00:47:06 [notice] 1#1: signal 17 (SIGCHLD) received from 33
2023/12/06 00:47:06 [notice] 1#1: worker process 30 exited with code 0
2023/12/06 00:47:06 [notice] 1#1: worker process 33 exited with code 0
2023/12/06 00:47:06 [notice] 1#1: signal 29 (SIGIO) received
2023/12/06 00:47:06 [notice] 1#1: signal 17 (SIGCHLD) received from 34
2023/12/06 00:47:06 [notice] 1#1: worker process 34 exited with code 0
2023/12/06 00:47:06 [notice] 1#1: worker process 35 exited with code 0
2023/12/06 00:47:06 [notice] 1#1: worker process 36 exited with code 0
2023/12/06 00:47:06 [notice] 1#1: exit
2023/12/06 00:48:13 [emerg] 1#1: no "events" section in configuration
2023/12/06 00:49:55 [emerg] 1#1: no "events" section in configuration
2023/12/06 00:50:54 [error] 29#29: *2 connect() failed (111: Connection refused) while connecting to upstream, client: 172.31.0.1, server: , request: "GET / HTTP/1.1", upstream: "http://127.0.0.1:3000/", host: "localhost", referrer: "http://localhost/"
2023/12/06 00:50:54 [error] 29#29: *2 connect() failed (111: Connection refused) while connecting to upstream, client: 172.31.0.1, server: , request: "GET / HTTP/1.1", upstream: "http://127.0.0.1:3000/", host: "localhost", referrer: "http://localhost/"
2023/12/06 00:50:57 [error] 29#29: *2 no live upstreams while connecting to upstream, client: 172.31.0.1, server: , request: "GET / HTTP/1.1", upstream: "http://localhost/", host: "localhost", referrer: "http://localhost/"
2023/12/06 00:51:39 [error] 29#29: *2 connect() failed (111: Connection refused) while connecting to upstream, client: 172.31.0.1, server: , request: "GET / HTTP/1.1", upstream: "http://127.0.0.1:3000/", host: "localhost", referrer: "http://localhost/"
2023/12/06 00:51:39 [error] 29#29: *2 connect() failed (111: Connection refused) while connecting to upstream, client: 172.31.0.1, server: , request: "GET / HTTP/1.1", upstream: "http://127.0.0.1:3000/", host: "localhost", referrer: "http://localhost/"
2023/12/06 00:51:39 [error] 29#29: *2 no live upstreams while connecting to upstream, client: 172.31.0.1, server: , request: "GET / HTTP/1.1", upstream: "http://localhost/", host: "localhost", referrer: "http://localhost/"
2023/12/06 00:51:39 [error] 29#29: *2 no live upstreams while connecting to upstream, client: 172.31.0.1, server: , request: "GET / HTTP/1.1", upstream: "http://localhost/", host: "localhost", referrer: "http://localhost/"
2023/12/06 00:51:40 [error] 29#29: *2 no live upstreams while connecting to upstream, client: 172.31.0.1, server: , request: "GET / HTTP/1.1", upstream: "http://localhost/", host: "localhost", referrer: "http://localhost/"
2023/12/06 00:51:43 [error] 29#29: *2 no live upstreams while connecting to upstream, client: 172.31.0.1, server: , request: "GET / HTTP/1.1", upstream: "http://localhost/", host: "localhost", referrer: "http://localhost/"
2023/12/06 00:51:43 [error] 29#29: *2 no live upstreams while connecting to upstream, client: 172.31.0.1, server: , request: "GET / HTTP/1.1", upstream: "http://localhost/", host: "localhost", referrer: "http://localhost/"
2023/12/06 00:51:44 [error] 29#29: *2 no live upstreams while connecting to upstream, client: 172.31.0.1, server: , request: "GET / HTTP/1.1", upstream: "http://localhost/", host: "localhost", referrer: "http://localhost/"
2023/12/06 00:51:51 [error] 29#29: *2 connect() failed (111: Connection refused) while connecting to upstream, client: 172.31.0.1, server: , request: "GET / HTTP/1.1", upstream: "http://127.0.0.1:3000/", host: "localhost", referrer: "http://localhost/"
2023/12/06 00:51:51 [error] 29#29: *2 connect() failed (111: Connection refused) while connecting to upstream, client: 172.31.0.1, server: , request: "GET / HTTP/1.1", upstream: "http://127.0.0.1:3000/", host: "localhost", referrer: "http://localhost/"
2023/12/06 00:52:23 [alert] 29#29: 1024 worker_connections are not enough
2023/12/06 00:52:23 [error] 29#29: *1022 recv() failed (104: Connection reset by peer) while reading response header from upstream, client: 127.0.0.1, server: , request: "GET / HTTP/1.1", upstream: "http://127.0.0.1:80/", host: "localhost", referrer: "http://localhost/"
2023/12/06 00:52:23 [alert] 29#29: 1024 worker_connections are not enough
2023/12/06 00:52:23 [error] 29#29: *1022 recv() failed (104: Connection reset by peer) while reading response header from upstream, client: 127.0.0.1, server: , request: "GET / HTTP/1.1", upstream: "http://127.0.0.1:80/", host: "localhost", referrer: "http://localhost/"
2023/12/06 00:52:24 [error] 29#29: *1 no live upstreams while connecting to upstream, client: 192.168.16.1, server: , request: "GET / HTTP/1.1", upstream: "http://localhost/", host: "localhost", referrer: "http://localhost/"
2023/12/06 00:52:25 [error] 29#29: *1 no live upstreams while connecting to upstream, client: 192.168.16.1, server: , request: "GET / HTTP/1.1", upstream: "http://localhost/", host: "localhost", referrer: "http://localhost/"
2023/12/06 00:52:27 [error] 29#29: *1 no live upstreams while connecting to upstream, client: 192.168.16.1, server: , request: "GET / HTTP/1.1", upstream: "http://localhost/", host: "localhost", referrer: "http://localhost/"
2023/12/06 00:55:03 [emerg] 1#1: unknown directive "..." in /etc/nginx/nginx.conf:4
2023/12/06 00:57:51 [emerg] 1#1: 1 worker_connections are not enough for 1 listening sockets
2023/12/06 00:58:21 [error] 22#22: *1 connect() failed (111: Connection refused) while connecting to upstream, client: 192.168.80.1, server: localhost, request: "GET / HTTP/1.1", upstream: "http://127.0.0.1:3000/", host: "localhost", referrer: "http://localhost/"
2023/12/06 00:58:21 [error] 22#22: *1 connect() failed (111: Connection refused) while connecting to upstream, client: 192.168.80.1, server: localhost, request: "GET / HTTP/1.1", upstream: "http://127.0.0.1:3000/", host: "localhost", referrer: "http://localhost/"
2023/12/06 00:58:22 [error] 22#22: *1 no live upstreams while connecting to upstream, client: 192.168.80.1, server: localhost, request: "GET / HTTP/1.1", upstream: "http://localhost/", host: "localhost", referrer: "http://localhost/"
2023/12/06 00:59:03 [notice] 1#1: using the "epoll" event method
2023/12/06 00:59:03 [notice] 1#1: nginx/1.25.3
2023/12/06 00:59:03 [notice] 1#1: built by gcc 12.2.0 (Debian 12.2.0-14) 
2023/12/06 00:59:03 [notice] 1#1: OS: Linux 5.15.133.1-microsoft-standard-WSL2
2023/12/06 00:59:03 [notice] 1#1: getrlimit(RLIMIT_NOFILE): 1048576:1048576
2023/12/06 00:59:03 [notice] 1#1: start worker processes
2023/12/06 00:59:03 [notice] 1#1: start worker process 29
2023/12/06 00:59:03 [notice] 1#1: start worker process 30
2023/12/06 00:59:03 [notice] 1#1: start worker process 31
2023/12/06 00:59:03 [notice] 1#1: start worker process 32
2023/12/06 00:59:03 [notice] 1#1: start worker process 33
2023/12/06 00:59:03 [notice] 1#1: start worker process 34
2023/12/06 00:59:03 [notice] 1#1: start worker process 35
2023/12/06 00:59:03 [notice] 1#1: start worker process 36
2023/12/06 01:00:04 [notice] 1#1: signal 3 (SIGQUIT) received, shutting down
2023/12/06 01:00:04 [notice] 30#30: gracefully shutting down
2023/12/06 01:00:04 [notice] 29#29: gracefully shutting down
2023/12/06 01:00:04 [notice] 31#31: gracefully shutting down
2023/12/06 01:00:04 [notice] 32#32: gracefully shutting down
2023/12/06 01:00:04 [notice] 32#32: exiting
2023/12/06 01:00:04 [notice] 34#34: gracefully shutting down
2023/12/06 01:00:04 [notice] 35#35: gracefully shutting down
2023/12/06 01:00:04 [notice] 36#36: gracefully shutting down
2023/12/06 01:00:04 [notice] 33#33: gracefully shutting down
2023/12/06 01:00:04 [notice] 29#29: exiting
2023/12/06 01:00:04 [notice] 31#31: exiting
2023/12/06 01:00:04 [notice] 32#32: exit
2023/12/06 01:00:04 [notice] 34#34: exiting
2023/12/06 01:00:04 [notice] 35#35: exiting
2023/12/06 01:00:04 [notice] 36#36: exiting
2023/12/06 01:00:04 [notice] 33#33: exiting
2023/12/06 01:00:04 [notice] 29#29: exit
2023/12/06 01:00:04 [notice] 31#31: exit
2023/12/06 01:00:04 [notice] 34#34: exit
2023/12/06 01:00:04 [notice] 35#35: exit
2023/12/06 01:00:04 [notice] 36#36: exit
2023/12/06 01:00:04 [notice] 33#33: exit
2023/12/06 01:00:04 [notice] 1#1: signal 17 (SIGCHLD) received from 29
2023/12/06 01:00:04 [notice] 1#1: worker process 29 exited with code 0
2023/12/06 01:00:04 [notice] 1#1: worker process 31 exited with code 0
2023/12/06 01:00:04 [notice] 1#1: signal 29 (SIGIO) received
2023/12/06 01:00:04 [notice] 1#1: signal 17 (SIGCHLD) received from 32
2023/12/06 01:00:04 [notice] 1#1: worker process 32 exited with code 0
2023/12/06 01:00:04 [notice] 1#1: worker process 34 exited with code 0
2023/12/06 01:00:04 [notice] 1#1: worker process 35 exited with code 0
2023/12/06 01:00:04 [notice] 1#1: signal 29 (SIGIO) received
2023/12/06 01:00:04 [notice] 1#1: signal 17 (SIGCHLD) received from 34
2023/12/06 01:00:04 [notice] 1#1: signal 17 (SIGCHLD) received from 33
2023/12/06 01:00:04 [notice] 1#1: worker process 33 exited with code 0
2023/12/06 01:00:04 [notice] 1#1: signal 29 (SIGIO) received
2023/12/06 01:00:04 [notice] 1#1: signal 17 (SIGCHLD) received from 36
2023/12/06 01:00:04 [notice] 1#1: worker process 36 exited with code 0
2023/12/06 01:00:04 [notice] 1#1: signal 29 (SIGIO) received
2023/12/06 01:00:07 [notice] 30#30: exiting
2023/12/06 01:00:07 [notice] 30#30: exit
2023/12/06 01:00:07 [notice] 1#1: signal 17 (SIGCHLD) received from 30
2023/12/06 01:00:07 [notice] 1#1: worker process 30 exited with code 0
2023/12/06 01:00:07 [notice] 1#1: exit
2023/12/06 01:01:37 [notice] 1#1: using the "epoll" event method
2023/12/06 01:01:37 [notice] 1#1: nginx/1.25.3
2023/12/06 01:01:37 [notice] 1#1: built by gcc 12.2.0 (Debian 12.2.0-14) 
2023/12/06 01:01:37 [notice] 1#1: OS: Linux 5.15.133.1-microsoft-standard-WSL2
2023/12/06 01:01:37 [notice] 1#1: getrlimit(RLIMIT_NOFILE): 1048576:1048576
2023/12/06 01:01:37 [notice] 1#1: start worker processes
2023/12/06 01:01:37 [notice] 1#1: start worker process 29
2023/12/06 01:01:37 [notice] 1#1: start worker process 30
2023/12/06 01:01:37 [notice] 1#1: start worker process 31
2023/12/06 01:01:37 [notice] 1#1: start worker process 32
2023/12/06 01:01:37 [notice] 1#1: start worker process 33
2023/12/06 01:01:37 [notice] 1#1: start worker process 34
2023/12/06 01:01:37 [notice] 1#1: start worker process 35
2023/12/06 01:01:37 [notice] 1#1: start worker process 36
2023/12/06 01:02:00 [notice] 1#1: signal 3 (SIGQUIT) received, shutting down
2023/12/06 01:02:00 [notice] 29#29: gracefully shutting down
2023/12/06 01:02:00 [notice] 33#33: gracefully shutting down
2023/12/06 01:02:00 [notice] 30#30: gracefully shutting down
2023/12/06 01:02:00 [notice] 31#31: gracefully shutting down
2023/12/06 01:02:00 [notice] 36#36: gracefully shutting down
2023/12/06 01:02:00 [notice] 32#32: gracefully shutting down
2023/12/06 01:02:00 [notice] 35#35: gracefully shutting down
2023/12/06 01:02:00 [notice] 32#32: exiting
2023/12/06 01:02:00 [notice] 34#34: gracefully shutting down
2023/12/06 01:02:00 [notice] 29#29: exiting
2023/12/06 01:02:00 [notice] 33#33: exiting
2023/12/06 01:02:00 [notice] 36#36: exiting
2023/12/06 01:02:00 [notice] 31#31: exiting
2023/12/06 01:02:00 [notice] 35#35: exiting
2023/12/06 01:02:00 [notice] 32#32: exit
2023/12/06 01:02:00 [notice] 34#34: exiting
2023/12/06 01:02:00 [notice] 29#29: exit
2023/12/06 01:02:00 [notice] 33#33: exit
2023/12/06 01:02:00 [notice] 36#36: exit
2023/12/06 01:02:00 [notice] 31#31: exit
2023/12/06 01:02:00 [notice] 35#35: exit
2023/12/06 01:02:00 [notice] 34#34: exit
2023/12/06 01:02:00 [notice] 1#1: signal 17 (SIGCHLD) received from 36
2023/12/06 01:02:00 [notice] 1#1: worker process 32 exited with code 0
2023/12/06 01:02:00 [notice] 1#1: worker process 33 exited with code 0
2023/12/06 01:02:00 [notice] 1#1: worker process 35 exited with code 0
2023/12/06 01:02:00 [notice] 1#1: worker process 36 exited with code 0
2023/12/06 01:02:00 [notice] 1#1: signal 29 (SIGIO) received
2023/12/06 01:02:00 [notice] 1#1: signal 17 (SIGCHLD) received from 33
2023/12/06 01:02:00 [notice] 1#1: signal 17 (SIGCHLD) received from 34
2023/12/06 01:02:00 [notice] 1#1: worker process 34 exited with code 0
2023/12/06 01:02:00 [notice] 1#1: signal 29 (SIGIO) received
2023/12/06 01:02:00 [notice] 1#1: signal 17 (SIGCHLD) received from 31
2023/12/06 01:02:00 [notice] 1#1: worker process 31 exited with code 0
2023/12/06 01:02:00 [notice] 1#1: signal 29 (SIGIO) received
2023/12/06 01:02:00 [notice] 1#1: signal 17 (SIGCHLD) received from 29
2023/12/06 01:02:00 [notice] 1#1: worker process 29 exited with code 0
2023/12/06 01:02:00 [notice] 1#1: signal 29 (SIGIO) received
2023/12/06 01:03:02 [notice] 1#1: using the "epoll" event method
2023/12/06 01:03:02 [notice] 1#1: nginx/1.25.3
2023/12/06 01:03:02 [notice] 1#1: built by gcc 12.2.0 (Debian 12.2.0-14) 
2023/12/06 01:03:02 [notice] 1#1: OS: Linux 5.15.133.1-microsoft-standard-WSL2
2023/12/06 01:03:02 [notice] 1#1: getrlimit(RLIMIT_NOFILE): 1048576:1048576
2023/12/06 01:03:02 [notice] 1#1: start worker processes
2023/12/06 01:03:02 [notice] 1#1: start worker process 29
2023/12/06 01:03:02 [notice] 1#1: start worker process 30
2023/12/06 01:03:02 [notice] 1#1: start worker process 31
2023/12/06 01:03:02 [notice] 1#1: start worker process 32
2023/12/06 01:03:02 [notice] 1#1: start worker process 33
2023/12/06 01:03:02 [notice] 1#1: start worker process 34
2023/12/06 01:03:02 [notice] 1#1: start worker process 35
2023/12/06 01:03:02 [notice] 1#1: start worker process 36
